<?xml version="1.0" encoding="UTF-8"?>
<!-- Generated by org.testng.reporters.JUnitReportReporter -->
<testsuite hostname="A1990s-MBP" failures="0" tests="1" name="Test1" time="1.436" errors="0" timestamp="2022-12-19T19:54:15 PKT" skipped="0">
  <testcase classname="Test1" name="test1" time="1.436"/>
  <system-out/>
</testsuite> <!-- Test1 -->
