<?xml version="1.0" encoding="UTF-8"?>
<!-- Generated by org.testng.reporters.JUnitReportReporter -->
<testsuite hostname="A1990s-MBP" failures="0" tests="1" name="Test1" time="1.430" errors="0" timestamp="2022-12-19T17:03:30 PKT" skipped="0">
  <testcase classname="Test1" name="test1" time="1.430"/>
  <system-out/>
</testsuite> <!-- Test1 -->
